{"/Users/joseguerrero/personal/digital-femsa/digitalfemsa/src/assets/icons/ArrowIcon.tsx": {"path":"/Users/joseguerrero/personal/digital-femsa/digitalfemsa/src/assets/icons/ArrowIcon.tsx","statementMap":{"0":{"start":{"line":5,"column":28},"end":{"line":16,"column":1}},"1":{"start":{"line":6,"column":2},"end":{"line":15,"column":4}}},"fnMap":{"0":{"name":"(anonymous_0)","decl":{"start":{"line":5,"column":28},"end":{"line":5,"column":29}},"loc":{"start":{"line":5,"column":34},"end":{"line":16,"column":1}},"line":5}},"branchMap":{},"s":{"0":3,"1":21},"f":{"0":21},"b":{},"_coverageSchema":"1a1c01bbd47fc00a2c39e90264f33305004495a9","hash":"ba4048706358385547f773a19f9fde976b70ffe7"}
,"/Users/joseguerrero/personal/digital-femsa/digitalfemsa/src/assets/images/placerholder-transaction-item-thumbnail.png": {"path":"/Users/joseguerrero/personal/digital-femsa/digitalfemsa/src/assets/images/placerholder-transaction-item-thumbnail.png","statementMap":{"0":{"start":{"line":1,"column":0},"end":{"line":4,"column":6}}},"fnMap":{},"branchMap":{},"s":{"0":3},"f":{},"b":{},"_coverageSchema":"1a1c01bbd47fc00a2c39e90264f33305004495a9","hash":"a3a55f78438d7d275a0ac7394b9610204a30725e"}
,"/Users/joseguerrero/personal/digital-femsa/digitalfemsa/src/assets/images/placerholder-trasaction-item.png": {"path":"/Users/joseguerrero/personal/digital-femsa/digitalfemsa/src/assets/images/placerholder-trasaction-item.png","statementMap":{"0":{"start":{"line":1,"column":0},"end":{"line":4,"column":6}}},"fnMap":{},"branchMap":{},"s":{"0":2},"f":{},"b":{},"_coverageSchema":"1a1c01bbd47fc00a2c39e90264f33305004495a9","hash":"bd89938636cb140ba9c06ebc09b99fed893a897c"}
,"/Users/joseguerrero/personal/digital-femsa/digitalfemsa/src/core/Button/Button.tsx": {"path":"/Users/joseguerrero/personal/digital-femsa/digitalfemsa/src/core/Button/Button.tsx","statementMap":{"0":{"start":{"line":11,"column":38},"end":{"line":30,"column":1}},"1":{"start":{"line":18,"column":2},"end":{"line":29,"column":4}},"2":{"start":{"line":32,"column":15},"end":{"line":44,"column":2}}},"fnMap":{"0":{"name":"(anonymous_0)","decl":{"start":{"line":11,"column":38},"end":{"line":11,"column":39}},"loc":{"start":{"line":17,"column":6},"end":{"line":30,"column":1}},"line":17}},"branchMap":{"0":{"loc":{"start":{"line":14,"column":2},"end":{"line":14,"column":17}},"type":"default-arg","locations":[{"start":{"line":14,"column":9},"end":{"line":14,"column":17}}],"line":14},"1":{"loc":{"start":{"line":25,"column":40},"end":{"line":25,"column":67}},"type":"cond-expr","locations":[{"start":{"line":25,"column":60},"end":{"line":25,"column":62}},{"start":{"line":25,"column":65},"end":{"line":25,"column":67}}],"line":25}},"s":{"0":6,"1":28,"2":6},"f":{"0":28},"b":{"0":[9],"1":[10,18]},"_coverageSchema":"1a1c01bbd47fc00a2c39e90264f33305004495a9","hash":"e622b4b0e6602c2eaa0fe81130a80d2ec9d9f393"}
,"/Users/joseguerrero/personal/digital-femsa/digitalfemsa/src/core/Button/index.ts": {"path":"/Users/joseguerrero/personal/digital-femsa/digitalfemsa/src/core/Button/index.ts","statementMap":{},"fnMap":{},"branchMap":{},"s":{},"f":{},"b":{},"_coverageSchema":"1a1c01bbd47fc00a2c39e90264f33305004495a9","hash":"d6c51e49ca032d1afb46a431ea8a05189ab6c789"}
,"/Users/joseguerrero/personal/digital-femsa/digitalfemsa/src/core/Text/Text.tsx": {"path":"/Users/joseguerrero/personal/digital-femsa/digitalfemsa/src/core/Text/Text.tsx","statementMap":{"0":{"start":{"line":14,"column":34},"end":{"line":21,"column":1}},"1":{"start":{"line":15,"column":21},"end":{"line":15,"column":55}},"2":{"start":{"line":16,"column":2},"end":{"line":20,"column":4}},"3":{"start":{"line":23,"column":15},"end":{"line":27,"column":2}}},"fnMap":{"0":{"name":"(anonymous_0)","decl":{"start":{"line":14,"column":34},"end":{"line":14,"column":35}},"loc":{"start":{"line":14,"column":69},"end":{"line":21,"column":1}},"line":14}},"branchMap":{"0":{"loc":{"start":{"line":15,"column":21},"end":{"line":15,"column":55}},"type":"cond-expr","locations":[{"start":{"line":15,"column":30},"end":{"line":15,"column":50}},{"start":{"line":15,"column":53},"end":{"line":15,"column":55}}],"line":15}},"s":{"0":11,"1":144,"2":144,"3":11},"f":{"0":144},"b":{"0":[116,28]},"_coverageSchema":"1a1c01bbd47fc00a2c39e90264f33305004495a9","hash":"ff4e891e8c4ec5e0764e4d9679e5e9d69830553d"}
,"/Users/joseguerrero/personal/digital-femsa/digitalfemsa/src/core/Text/index.tsx": {"path":"/Users/joseguerrero/personal/digital-femsa/digitalfemsa/src/core/Text/index.tsx","statementMap":{},"fnMap":{},"branchMap":{},"s":{},"f":{},"b":{},"_coverageSchema":"1a1c01bbd47fc00a2c39e90264f33305004495a9","hash":"cb7cf4b4aacd188b241dd809ddbdd0c30a61c706"}
,"/Users/joseguerrero/personal/digital-femsa/digitalfemsa/src/features/Points/components/PointsCard/PointsCard.style.ts": {"path":"/Users/joseguerrero/personal/digital-femsa/digitalfemsa/src/features/Points/components/PointsCard/PointsCard.style.ts","statementMap":{"0":{"start":{"line":3,"column":32},"end":{"line":42,"column":2}}},"fnMap":{},"branchMap":{},"s":{"0":2},"f":{},"b":{},"_coverageSchema":"1a1c01bbd47fc00a2c39e90264f33305004495a9","hash":"5aff58864d07f6393916bae6af4ec6a1bbbebaef"}
,"/Users/joseguerrero/personal/digital-femsa/digitalfemsa/src/features/Points/components/PointsCard/PointsCard.tsx": {"path":"/Users/joseguerrero/personal/digital-femsa/digitalfemsa/src/features/Points/components/PointsCard/PointsCard.tsx","statementMap":{"0":{"start":{"line":11,"column":46},"end":{"line":24,"column":1}},"1":{"start":{"line":12,"column":2},"end":{"line":23,"column":9}}},"fnMap":{"0":{"name":"(anonymous_0)","decl":{"start":{"line":11,"column":46},"end":{"line":11,"column":47}},"loc":{"start":{"line":12,"column":2},"end":{"line":23,"column":9}},"line":12}},"branchMap":{},"s":{"0":2,"1":2},"f":{"0":2},"b":{},"_coverageSchema":"1a1c01bbd47fc00a2c39e90264f33305004495a9","hash":"0eb0e9d221e6ca746fade17bc23f8fc1450b07ee"}
,"/Users/joseguerrero/personal/digital-femsa/digitalfemsa/src/features/Points/components/PointsCard/index.ts": {"path":"/Users/joseguerrero/personal/digital-femsa/digitalfemsa/src/features/Points/components/PointsCard/index.ts","statementMap":{},"fnMap":{},"branchMap":{},"s":{},"f":{},"b":{},"_coverageSchema":"1a1c01bbd47fc00a2c39e90264f33305004495a9","hash":"45a63ba214ac18f3b9ffcdda7dcc19e1dbcb5f31"}
,"/Users/joseguerrero/personal/digital-femsa/digitalfemsa/src/features/Points/components/PointsHeader/PointsHeader.tsx": {"path":"/Users/joseguerrero/personal/digital-femsa/digitalfemsa/src/features/Points/components/PointsHeader/PointsHeader.tsx","statementMap":{"0":{"start":{"line":5,"column":35},"end":{"line":12,"column":1}},"1":{"start":{"line":6,"column":2},"end":{"line":11,"column":9}},"2":{"start":{"line":14,"column":15},"end":{"line":21,"column":2}}},"fnMap":{"0":{"name":"(anonymous_0)","decl":{"start":{"line":5,"column":35},"end":{"line":5,"column":36}},"loc":{"start":{"line":6,"column":2},"end":{"line":11,"column":9}},"line":6}},"branchMap":{},"s":{"0":2,"1":2,"2":2},"f":{"0":2},"b":{},"_coverageSchema":"1a1c01bbd47fc00a2c39e90264f33305004495a9","hash":"8b8b308567998af08b69eef0a3246bfae795c41a"}
,"/Users/joseguerrero/personal/digital-femsa/digitalfemsa/src/features/Points/components/PointsHeader/index.ts": {"path":"/Users/joseguerrero/personal/digital-femsa/digitalfemsa/src/features/Points/components/PointsHeader/index.ts","statementMap":{},"fnMap":{},"branchMap":{},"s":{},"f":{},"b":{},"_coverageSchema":"1a1c01bbd47fc00a2c39e90264f33305004495a9","hash":"cd3c215e9419985532294ef748f3cf686519d986"}
,"/Users/joseguerrero/personal/digital-femsa/digitalfemsa/src/features/Points/components/PointsTransactionDetails/PointsTransactionDetails.tsx": {"path":"/Users/joseguerrero/personal/digital-femsa/digitalfemsa/src/features/Points/components/PointsTransactionDetails/PointsTransactionDetails.tsx","statementMap":{"0":{"start":{"line":20,"column":74},"end":{"line":34,"column":1}},"1":{"start":{"line":24,"column":2},"end":{"line":33,"column":4}},"2":{"start":{"line":38,"column":15},"end":{"line":43,"column":2}}},"fnMap":{"0":{"name":"(anonymous_0)","decl":{"start":{"line":20,"column":74},"end":{"line":20,"column":75}},"loc":{"start":{"line":23,"column":6},"end":{"line":34,"column":1}},"line":23}},"branchMap":{},"s":{"0":1,"1":2,"2":1},"f":{"0":2},"b":{},"_coverageSchema":"1a1c01bbd47fc00a2c39e90264f33305004495a9","hash":"80182012cf9e5d0f656c7415959958f66e1b8c09"}
,"/Users/joseguerrero/personal/digital-femsa/digitalfemsa/src/features/Points/components/PointsTransactionDetails/index.ts": {"path":"/Users/joseguerrero/personal/digital-femsa/digitalfemsa/src/features/Points/components/PointsTransactionDetails/index.ts","statementMap":{},"fnMap":{},"branchMap":{},"s":{},"f":{},"b":{},"_coverageSchema":"1a1c01bbd47fc00a2c39e90264f33305004495a9","hash":"575dd2908e10b810baa2c45a9423c72eb37ee62d"}
,"/Users/joseguerrero/personal/digital-femsa/digitalfemsa/src/features/Points/components/PointsTransactions/PointsTransactions.tsx": {"path":"/Users/joseguerrero/personal/digital-femsa/digitalfemsa/src/features/Points/components/PointsTransactions/PointsTransactions.tsx","statementMap":{"0":{"start":{"line":17,"column":62},"end":{"line":48,"column":1}},"1":{"start":{"line":24,"column":6},"end":{"line":24,"column":55}},"2":{"start":{"line":26,"column":22},"end":{"line":26,"column":46}},"3":{"start":{"line":28,"column":2},"end":{"line":30,"column":3}},"4":{"start":{"line":29,"column":4},"end":{"line":29,"column":71}},"5":{"start":{"line":32,"column":2},"end":{"line":34,"column":3}},"6":{"start":{"line":33,"column":4},"end":{"line":33,"column":40}},"7":{"start":{"line":36,"column":2},"end":{"line":47,"column":4}},"8":{"start":{"line":52,"column":15},"end":{"line":62,"column":2}}},"fnMap":{"0":{"name":"(anonymous_0)","decl":{"start":{"line":17,"column":62},"end":{"line":17,"column":63}},"loc":{"start":{"line":19,"column":6},"end":{"line":48,"column":1}},"line":19}},"branchMap":{"0":{"loc":{"start":{"line":28,"column":2},"end":{"line":30,"column":3}},"type":"if","locations":[{"start":{"line":28,"column":2},"end":{"line":30,"column":3}},{"start":{},"end":{}}],"line":28},"1":{"loc":{"start":{"line":32,"column":2},"end":{"line":34,"column":3}},"type":"if","locations":[{"start":{"line":32,"column":2},"end":{"line":34,"column":3}},{"start":{},"end":{}}],"line":32}},"s":{"0":1,"1":5,"2":5,"3":5,"4":2,"5":3,"6":3,"7":0,"8":1},"f":{"0":5},"b":{"0":[2,3],"1":[3,0]},"_coverageSchema":"1a1c01bbd47fc00a2c39e90264f33305004495a9","hash":"9b0274d053d1db53e6bc22d0508e3bd32da0dc2e"}
,"/Users/joseguerrero/personal/digital-femsa/digitalfemsa/src/features/Points/components/PointsTransactions/index.tsx": {"path":"/Users/joseguerrero/personal/digital-femsa/digitalfemsa/src/features/Points/components/PointsTransactions/index.tsx","statementMap":{},"fnMap":{},"branchMap":{},"s":{},"f":{},"b":{},"_coverageSchema":"1a1c01bbd47fc00a2c39e90264f33305004495a9","hash":"874d7dc8fc4ecdae3bb37144e5bf6d7d84a07baa"}
,"/Users/joseguerrero/personal/digital-femsa/digitalfemsa/src/features/Points/components/TransactionDetailsHeader/TransactionDetailsHeader.tsx": {"path":"/Users/joseguerrero/personal/digital-femsa/digitalfemsa/src/features/Points/components/TransactionDetailsHeader/TransactionDetailsHeader.tsx","statementMap":{"0":{"start":{"line":10,"column":72},"end":{"line":18,"column":1}},"1":{"start":{"line":13,"column":2},"end":{"line":17,"column":9}},"2":{"start":{"line":20,"column":15},"end":{"line":31,"column":2}}},"fnMap":{"0":{"name":"(anonymous_0)","decl":{"start":{"line":10,"column":72},"end":{"line":10,"column":73}},"loc":{"start":{"line":13,"column":2},"end":{"line":17,"column":9}},"line":13}},"branchMap":{},"s":{"0":1,"1":2,"2":1},"f":{"0":2},"b":{},"_coverageSchema":"1a1c01bbd47fc00a2c39e90264f33305004495a9","hash":"6ee8d9d7ec465b4b3cfac3c699005165a90d867e"}
,"/Users/joseguerrero/personal/digital-femsa/digitalfemsa/src/features/Points/components/TransactionDetailsHeader/index.ts": {"path":"/Users/joseguerrero/personal/digital-femsa/digitalfemsa/src/features/Points/components/TransactionDetailsHeader/index.ts","statementMap":{},"fnMap":{},"branchMap":{},"s":{},"f":{},"b":{},"_coverageSchema":"1a1c01bbd47fc00a2c39e90264f33305004495a9","hash":"560edc00c59bd61f8124ee7e4eec61128359aeac"}
,"/Users/joseguerrero/personal/digital-femsa/digitalfemsa/src/features/Points/components/TransactionDetailsImage/TransactionDetailsImage.tsx": {"path":"/Users/joseguerrero/personal/digital-femsa/digitalfemsa/src/features/Points/components/TransactionDetailsImage/TransactionDetailsImage.tsx","statementMap":{"0":{"start":{"line":4,"column":22},"end":{"line":4,"column":91}},"1":{"start":{"line":10,"column":72},"end":{"line":21,"column":1}},"2":{"start":{"line":13,"column":2},"end":{"line":20,"column":9}},"3":{"start":{"line":23,"column":15},"end":{"line":42,"column":2}}},"fnMap":{"0":{"name":"(anonymous_0)","decl":{"start":{"line":10,"column":72},"end":{"line":10,"column":73}},"loc":{"start":{"line":13,"column":2},"end":{"line":20,"column":9}},"line":13}},"branchMap":{"0":{"loc":{"start":{"line":17,"column":14},"end":{"line":17,"column":50}},"type":"cond-expr","locations":[{"start":{"line":17,"column":22},"end":{"line":17,"column":34}},{"start":{"line":17,"column":37},"end":{"line":17,"column":50}}],"line":17}},"s":{"0":2,"1":2,"2":5,"3":2},"f":{"0":5},"b":{"0":[3,2]},"_coverageSchema":"1a1c01bbd47fc00a2c39e90264f33305004495a9","hash":"a053139e4141b335059692d130c1457614c6d862"}
,"/Users/joseguerrero/personal/digital-femsa/digitalfemsa/src/features/Points/components/TransactionDetailsImage/index.ts": {"path":"/Users/joseguerrero/personal/digital-femsa/digitalfemsa/src/features/Points/components/TransactionDetailsImage/index.ts","statementMap":{},"fnMap":{},"branchMap":{},"s":{},"f":{},"b":{},"_coverageSchema":"1a1c01bbd47fc00a2c39e90264f33305004495a9","hash":"8f77315df11f9ccf2502e7e64a1a93c3770e87b9"}
,"/Users/joseguerrero/personal/digital-femsa/digitalfemsa/src/features/Points/components/TransactionFooter/TransactionFooter.tsx": {"path":"/Users/joseguerrero/personal/digital-femsa/digitalfemsa/src/features/Points/components/TransactionFooter/TransactionFooter.tsx","statementMap":{"0":{"start":{"line":11,"column":60},"end":{"line":46,"column":1}},"1":{"start":{"line":15,"column":23},"end":{"line":32,"column":3}},"2":{"start":{"line":16,"column":4},"end":{"line":31,"column":11}},"3":{"start":{"line":22,"column":23},"end":{"line":22,"column":50}},"4":{"start":{"line":29,"column":23},"end":{"line":29,"column":52}},"5":{"start":{"line":33,"column":2},"end":{"line":45,"column":4}},"6":{"start":{"line":38,"column":25},"end":{"line":38,"column":49}},"7":{"start":{"line":48,"column":15},"end":{"line":61,"column":2}}},"fnMap":{"0":{"name":"(anonymous_0)","decl":{"start":{"line":11,"column":60},"end":{"line":11,"column":61}},"loc":{"start":{"line":14,"column":6},"end":{"line":46,"column":1}},"line":14},"1":{"name":"(anonymous_1)","decl":{"start":{"line":15,"column":23},"end":{"line":15,"column":24}},"loc":{"start":{"line":16,"column":4},"end":{"line":31,"column":11}},"line":16},"2":{"name":"(anonymous_2)","decl":{"start":{"line":22,"column":17},"end":{"line":22,"column":18}},"loc":{"start":{"line":22,"column":23},"end":{"line":22,"column":50}},"line":22},"3":{"name":"(anonymous_3)","decl":{"start":{"line":29,"column":17},"end":{"line":29,"column":18}},"loc":{"start":{"line":29,"column":23},"end":{"line":29,"column":52}},"line":29},"4":{"name":"(anonymous_4)","decl":{"start":{"line":38,"column":19},"end":{"line":38,"column":20}},"loc":{"start":{"line":38,"column":25},"end":{"line":38,"column":49}},"line":38}},"branchMap":{"0":{"loc":{"start":{"line":35,"column":7},"end":{"line":43,"column":7}},"type":"cond-expr","locations":[{"start":{"line":36,"column":8},"end":{"line":40,"column":10}},{"start":{"line":42,"column":8},"end":{"line":42,"column":24}}],"line":35}},"s":{"0":3,"1":11,"2":8,"3":2,"4":2,"5":11,"6":1,"7":3},"f":{"0":11,"1":8,"2":2,"3":2,"4":1},"b":{"0":[3,8]},"_coverageSchema":"1a1c01bbd47fc00a2c39e90264f33305004495a9","hash":"7e8841dd3aff3fa055db47287316e0d8eb2c0e69"}
,"/Users/joseguerrero/personal/digital-femsa/digitalfemsa/src/features/Points/components/TransactionFooter/index.ts": {"path":"/Users/joseguerrero/personal/digital-femsa/digitalfemsa/src/features/Points/components/TransactionFooter/index.ts","statementMap":{},"fnMap":{},"branchMap":{},"s":{},"f":{},"b":{},"_coverageSchema":"1a1c01bbd47fc00a2c39e90264f33305004495a9","hash":"7669d97a652d36ffbf8b4709d14f854163e50648"}
,"/Users/joseguerrero/personal/digital-femsa/digitalfemsa/src/features/Points/components/TransactionItem/TransactionItem.tsx": {"path":"/Users/joseguerrero/personal/digital-femsa/digitalfemsa/src/features/Points/components/TransactionItem/TransactionItem.tsx","statementMap":{"0":{"start":{"line":16,"column":21},"end":{"line":16,"column":101}},"1":{"start":{"line":18,"column":56},"end":{"line":54,"column":1}},"2":{"start":{"line":22,"column":2},"end":{"line":53,"column":21}},"3":{"start":{"line":24,"column":19},"end":{"line":24,"column":46}},"4":{"start":{"line":56,"column":15},"end":{"line":92,"column":2}}},"fnMap":{"0":{"name":"(anonymous_0)","decl":{"start":{"line":18,"column":56},"end":{"line":18,"column":57}},"loc":{"start":{"line":22,"column":2},"end":{"line":53,"column":21}},"line":22},"1":{"name":"(anonymous_1)","decl":{"start":{"line":24,"column":13},"end":{"line":24,"column":14}},"loc":{"start":{"line":24,"column":19},"end":{"line":24,"column":46}},"line":24}},"branchMap":{"0":{"loc":{"start":{"line":28,"column":16},"end":{"line":28,"column":67}},"type":"cond-expr","locations":[{"start":{"line":28,"column":32},"end":{"line":28,"column":52}},{"start":{"line":28,"column":55},"end":{"line":28,"column":67}}],"line":28}},"s":{"0":3,"1":3,"2":21,"3":2,"4":3},"f":{"0":21,"1":2},"b":{"0":[21,0]},"_coverageSchema":"1a1c01bbd47fc00a2c39e90264f33305004495a9","hash":"543e4b4d6ba79e8549b8cc7cd96f5ac6dcef429e"}
,"/Users/joseguerrero/personal/digital-femsa/digitalfemsa/src/features/Points/components/TransactionItem/index.ts": {"path":"/Users/joseguerrero/personal/digital-femsa/digitalfemsa/src/features/Points/components/TransactionItem/index.ts","statementMap":{},"fnMap":{},"branchMap":{},"s":{},"f":{},"b":{},"_coverageSchema":"1a1c01bbd47fc00a2c39e90264f33305004495a9","hash":"1d824d41f848f1756f79943b587594117fbf4dd8"}
,"/Users/joseguerrero/personal/digital-femsa/digitalfemsa/src/features/Points/components/TransactionsDetailsFooter/TransactionsDetailsFooter.tsx": {"path":"/Users/joseguerrero/personal/digital-femsa/digitalfemsa/src/features/Points/components/TransactionsDetailsFooter/TransactionsDetailsFooter.tsx","statementMap":{"0":{"start":{"line":16,"column":74},"end":{"line":42,"column":1}},"1":{"start":{"line":21,"column":2},"end":{"line":41,"column":4}},"2":{"start":{"line":46,"column":15},"end":{"line":66,"column":2}}},"fnMap":{"0":{"name":"(anonymous_0)","decl":{"start":{"line":16,"column":74},"end":{"line":16,"column":75}},"loc":{"start":{"line":20,"column":6},"end":{"line":42,"column":1}},"line":20}},"branchMap":{},"s":{"0":2,"1":4,"2":2},"f":{"0":4},"b":{},"_coverageSchema":"1a1c01bbd47fc00a2c39e90264f33305004495a9","hash":"b10e55b09128af0b3c9c1b33cf837de60085e5f5"}
,"/Users/joseguerrero/personal/digital-femsa/digitalfemsa/src/features/Points/components/TransactionsDetailsFooter/index.ts": {"path":"/Users/joseguerrero/personal/digital-femsa/digitalfemsa/src/features/Points/components/TransactionsDetailsFooter/index.ts","statementMap":{},"fnMap":{},"branchMap":{},"s":{},"f":{},"b":{},"_coverageSchema":"1a1c01bbd47fc00a2c39e90264f33305004495a9","hash":"8c83d2c3f104d1a11ebaa54c17c9b685261ba04b"}
,"/Users/joseguerrero/personal/digital-femsa/digitalfemsa/src/features/Points/components/TransactionsList/TransactionsList.tsx": {"path":"/Users/joseguerrero/personal/digital-femsa/digitalfemsa/src/features/Points/components/TransactionsList/TransactionsList.tsx","statementMap":{"0":{"start":{"line":13,"column":77},"end":{"line":17,"column":1}},"1":{"start":{"line":14,"column":13},"end":{"line":14,"column":17}},"2":{"start":{"line":15,"column":23},"end":{"line":15,"column":44}},"3":{"start":{"line":16,"column":21},"end":{"line":16,"column":43}},"4":{"start":{"line":19,"column":56},"end":{"line":46,"column":1}},"5":{"start":{"line":24,"column":4},"end":{"line":24,"column":40}},"6":{"start":{"line":25,"column":2},"end":{"line":45,"column":4}},"7":{"start":{"line":32,"column":12},"end":{"line":35,"column":14}},"8":{"start":{"line":37,"column":32},"end":{"line":37,"column":39}},"9":{"start":{"line":48,"column":15},"end":{"line":56,"column":2}}},"fnMap":{"0":{"name":"(anonymous_0)","decl":{"start":{"line":14,"column":7},"end":{"line":14,"column":8}},"loc":{"start":{"line":14,"column":13},"end":{"line":14,"column":17}},"line":14},"1":{"name":"(anonymous_1)","decl":{"start":{"line":15,"column":12},"end":{"line":15,"column":13}},"loc":{"start":{"line":15,"column":23},"end":{"line":15,"column":44}},"line":15},"2":{"name":"(anonymous_2)","decl":{"start":{"line":16,"column":10},"end":{"line":16,"column":11}},"loc":{"start":{"line":16,"column":21},"end":{"line":16,"column":43}},"line":16},"3":{"name":"(anonymous_3)","decl":{"start":{"line":19,"column":56},"end":{"line":19,"column":57}},"loc":{"start":{"line":22,"column":6},"end":{"line":46,"column":1}},"line":22},"4":{"name":"(anonymous_4)","decl":{"start":{"line":31,"column":22},"end":{"line":31,"column":23}},"loc":{"start":{"line":32,"column":12},"end":{"line":35,"column":14}},"line":32},"5":{"name":"(anonymous_5)","decl":{"start":{"line":37,"column":24},"end":{"line":37,"column":25}},"loc":{"start":{"line":37,"column":32},"end":{"line":37,"column":39}},"line":37}},"branchMap":{},"s":{"0":2,"1":15,"2":3,"3":3,"4":2,"5":7,"6":7,"7":18,"8":18,"9":2},"f":{"0":15,"1":3,"2":3,"3":7,"4":18,"5":18},"b":{},"_coverageSchema":"1a1c01bbd47fc00a2c39e90264f33305004495a9","hash":"f11fd85bcb81fe934c69b2feb352fa3a5ed524b4"}
,"/Users/joseguerrero/personal/digital-femsa/digitalfemsa/src/features/Points/components/TransactionsList/index.ts": {"path":"/Users/joseguerrero/personal/digital-femsa/digitalfemsa/src/features/Points/components/TransactionsList/index.ts","statementMap":{},"fnMap":{},"branchMap":{},"s":{},"f":{},"b":{},"_coverageSchema":"1a1c01bbd47fc00a2c39e90264f33305004495a9","hash":"e576cf6d18825446b7e9a9f43f584302f0e49c66"}
,"/Users/joseguerrero/personal/digital-femsa/digitalfemsa/src/features/Points/services/product.ts": {"path":"/Users/joseguerrero/personal/digital-femsa/digitalfemsa/src/features/Points/services/product.ts","statementMap":{"0":{"start":{"line":2,"column":2},"end":{"line":2,"column":63}},"1":{"start":{"line":3,"column":27},"end":{"line":6,"column":1}},"2":{"start":{"line":4,"column":19},"end":{"line":4,"column":49}},"3":{"start":{"line":5,"column":2},"end":{"line":5,"column":31}}},"fnMap":{"0":{"name":"(anonymous_0)","decl":{"start":{"line":3,"column":27},"end":{"line":3,"column":28}},"loc":{"start":{"line":3,"column":39},"end":{"line":6,"column":1}},"line":3}},"branchMap":{},"s":{"0":1,"1":1,"2":2,"3":0},"f":{"0":2},"b":{},"_coverageSchema":"1a1c01bbd47fc00a2c39e90264f33305004495a9","hash":"de9aa1d76f1b327a20108b9b1ecd4220909ec650"}
,"/Users/joseguerrero/personal/digital-femsa/digitalfemsa/src/features/Points/utils/formatString.ts": {"path":"/Users/joseguerrero/personal/digital-femsa/digitalfemsa/src/features/Points/utils/formatString.ts","statementMap":{"0":{"start":{"line":4,"column":36},"end":{"line":8,"column":1}},"1":{"start":{"line":5,"column":15},"end":{"line":5,"column":35}},"2":{"start":{"line":6,"column":24},"end":{"line":6,"column":72}},"3":{"start":{"line":7,"column":2},"end":{"line":7,"column":23}},"4":{"start":{"line":10,"column":33},"end":{"line":19,"column":1}},"5":{"start":{"line":11,"column":2},"end":{"line":18,"column":25}}},"fnMap":{"0":{"name":"(anonymous_0)","decl":{"start":{"line":4,"column":36},"end":{"line":4,"column":37}},"loc":{"start":{"line":4,"column":60},"end":{"line":8,"column":1}},"line":4},"1":{"name":"(anonymous_1)","decl":{"start":{"line":10,"column":33},"end":{"line":10,"column":34}},"loc":{"start":{"line":10,"column":53},"end":{"line":19,"column":1}},"line":10}},"branchMap":{},"s":{"0":7,"1":28,"2":28,"3":27,"4":7,"5":29},"f":{"0":28,"1":29},"b":{},"_coverageSchema":"1a1c01bbd47fc00a2c39e90264f33305004495a9","hash":"4812d061455138c6d63dc212c5e5258edfdb04f5"}
,"/Users/joseguerrero/personal/digital-femsa/digitalfemsa/src/features/Points/utils/getTotalPoints.ts": {"path":"/Users/joseguerrero/personal/digital-femsa/digitalfemsa/src/features/Points/utils/getTotalPoints.ts","statementMap":{"0":{"start":{"line":3,"column":30},"end":{"line":8,"column":7}},"1":{"start":{"line":4,"column":2},"end":{"line":8,"column":7}},"2":{"start":{"line":6,"column":8},"end":{"line":6,"column":44}}},"fnMap":{"0":{"name":"(anonymous_0)","decl":{"start":{"line":3,"column":30},"end":{"line":3,"column":31}},"loc":{"start":{"line":4,"column":2},"end":{"line":8,"column":7}},"line":4},"1":{"name":"(anonymous_1)","decl":{"start":{"line":5,"column":22},"end":{"line":5,"column":23}},"loc":{"start":{"line":5,"column":48},"end":{"line":7,"column":7}},"line":5}},"branchMap":{"0":{"loc":{"start":{"line":4,"column":2},"end":{"line":8,"column":7}},"type":"cond-expr","locations":[{"start":{"line":5,"column":6},"end":{"line":7,"column":11}},{"start":{"line":8,"column":6},"end":{"line":8,"column":7}}],"line":4}},"s":{"0":2,"1":8,"2":3},"f":{"0":8,"1":3},"b":{"0":[2,6]},"_coverageSchema":"1a1c01bbd47fc00a2c39e90264f33305004495a9","hash":"c8d6fd872bacbee7c6fdaf858ac7ff21266644c9"}
}
