{"/Users/joseguerrero/personal/digital-femsa/digitalfemsa/src/assets/icons/ArrowIcon.tsx": {"path":"/Users/joseguerrero/personal/digital-femsa/digitalfemsa/src/assets/icons/ArrowIcon.tsx","statementMap":{"0":{"start":{"line":5,"column":28},"end":{"line":16,"column":1}},"1":{"start":{"line":6,"column":2},"end":{"line":15,"column":4}}},"fnMap":{"0":{"name":"(anonymous_0)","decl":{"start":{"line":5,"column":28},"end":{"line":5,"column":29}},"loc":{"start":{"line":5,"column":34},"end":{"line":16,"column":1}},"line":5}},"branchMap":{},"s":{"0":3,"1":21},"f":{"0":21},"b":{},"_coverageSchema":"1a1c01bbd47fc00a2c39e90264f33305004495a9","hash":"ba4048706358385547f773a19f9fde976b70ffe7"}
,"/Users/joseguerrero/personal/digital-femsa/digitalfemsa/src/assets/images/placerholder-transaction-item-thumbnail.png": {"path":"/Users/joseguerrero/personal/digital-femsa/digitalfemsa/src/assets/images/placerholder-transaction-item-thumbnail.png","statementMap":{"0":{"start":{"line":1,"column":0},"end":{"line":4,"column":6}}},"fnMap":{},"branchMap":{},"s":{"0":3},"f":{},"b":{},"_coverageSchema":"1a1c01bbd47fc00a2c39e90264f33305004495a9","hash":"a3a55f78438d7d275a0ac7394b9610204a30725e"}
,"/Users/joseguerrero/personal/digital-femsa/digitalfemsa/src/assets/images/placerholder-trasaction-item.png": {"path":"/Users/joseguerrero/personal/digital-femsa/digitalfemsa/src/assets/images/placerholder-trasaction-item.png","statementMap":{"0":{"start":{"line":1,"column":0},"end":{"line":4,"column":6}}},"fnMap":{},"branchMap":{},"s":{"0":2},"f":{},"b":{},"_coverageSchema":"1a1c01bbd47fc00a2c39e90264f33305004495a9","hash":"bd89938636cb140ba9c06ebc09b99fed893a897c"}
,"/Users/joseguerrero/personal/digital-femsa/digitalfemsa/src/core/Button/Button.tsx": {"path":"/Users/joseguerrero/personal/digital-femsa/digitalfemsa/src/core/Button/Button.tsx","statementMap":{"0":{"start":{"line":11,"column":38},"end":{"line":30,"column":1}},"1":{"start":{"line":18,"column":2},"end":{"line":29,"column":4}},"2":{"start":{"line":32,"column":15},"end":{"line":44,"column":2}}},"fnMap":{"0":{"name":"(anonymous_0)","decl":{"start":{"line":11,"column":38},"end":{"line":11,"column":39}},"loc":{"start":{"line":17,"column":6},"end":{"line":30,"column":1}},"line":17}},"branchMap":{"0":{"loc":{"start":{"line":14,"column":2},"end":{"line":14,"column":17}},"type":"default-arg","locations":[{"start":{"line":14,"column":9},"end":{"line":14,"column":17}}],"line":14},"1":{"loc":{"start":{"line":25,"column":40},"end":{"line":25,"column":67}},"type":"cond-expr","locations":[{"start":{"line":25,"column":60},"end":{"line":25,"column":62}},{"start":{"line":25,"column":65},"end":{"line":25,"column":67}}],"line":25}},"s":{"0":6,"1":28,"2":6},"f":{"0":28},"b":{"0":[9],"1":[10,18]},"_coverageSchema":"1a1c01bbd47fc00a2c39e90264f33305004495a9","hash":"e622b4b0e6602c2eaa0fe81130a80d2ec9d9f393"}
,"/Users/joseguerrero/personal/digital-femsa/digitalfemsa/src/core/Button/index.ts": {"path":"/Users/joseguerrero/personal/digital-femsa/digitalfemsa/src/core/Button/index.ts","statementMap":{},"fnMap":{},"branchMap":{},"s":{},"f":{},"b":{},"_coverageSchema":"1a1c01bbd47fc00a2c39e90264f33305004495a9","hash":"d6c51e49ca032d1afb46a431ea8a05189ab6c789"}
,"/Users/joseguerrero/personal/digital-femsa/digitalfemsa/src/core/Text/Text.tsx": {"path":"/Users/joseguerrero/personal/digital-femsa/digitalfemsa/src/core/Text/Text.tsx","statementMap":{"0":{"start":{"line":14,"column":34},"end":{"line":21,"column":1}},"1":{"start":{"line":15,"column":21},"end":{"line":15,"column":55}},"2":{"start":{"line":16,"column":2},"end":{"line":20,"column":4}},"3":{"start":{"line":23,"column":15},"end":{"line":27,"column":2}}},"fnMap":{"0":{"name":"(anonymous_0)","decl":{"start":{"line":14,"column":34},"end":{"line":14,"column":35}},"loc":{"start":{"line":14,"column":69},"end":{"line":21,"column":1}},"line":14}},"branchMap":{"0":{"loc":{"start":{"line":15,"column":21},"end":{"line":15,"column":55}},"type":"cond-expr","locations":[{"start":{"line":15,"column":30},"end":{"line":15,"column":50}},{"start":{"line":15,"column":53},"end":{"line":15,"column":55}}],"line":15}},"s":{"0":11,"1":144,"2":144,"3":11},"f":{"0":144},"b":{"0":[116,28]},"_coverageSchema":"1a1c01bbd47fc00a2c39e90264f33305004495a9","hash":"ff4e891e8c4ec5e0764e4d9679e5e9d69830553d"}
,"/Users/joseguerrero/personal/digital-femsa/digitalfemsa/src/core/Text/index.tsx": {"path":"/Users/joseguerrero/personal/digital-femsa/digitalfemsa/src/core/Text/index.tsx","statementMap":{},"fnMap":{},"branchMap":{},"s":{},"f":{},"b":{},"_coverageSchema":"1a1c01bbd47fc00a2c39e90264f33305004495a9","hash":"cb7cf4b4aacd188b241dd809ddbdd0c30a61c706"}
,"/Users/joseguerrero/personal/digital-femsa/digitalfemsa/src/domains/Points/components/PointsCard/PointsCard.style.ts": {"path":"/Users/joseguerrero/personal/digital-femsa/digitalfemsa/src/domains/Points/components/PointsCard/PointsCard.style.ts","statementMap":{"0":{"start":{"line":3,"column":32},"end":{"line":42,"column":2}}},"fnMap":{},"branchMap":{},"s":{"0":2},"f":{},"b":{},"_coverageSchema":"1a1c01bbd47fc00a2c39e90264f33305004495a9","hash":"8e617443d86c05427a1e62170e52a2182020bde3"}
,"/Users/joseguerrero/personal/digital-femsa/digitalfemsa/src/domains/Points/components/PointsCard/PointsCard.tsx": {"path":"/Users/joseguerrero/personal/digital-femsa/digitalfemsa/src/domains/Points/components/PointsCard/PointsCard.tsx","statementMap":{"0":{"start":{"line":11,"column":46},"end":{"line":24,"column":1}},"1":{"start":{"line":12,"column":2},"end":{"line":23,"column":9}}},"fnMap":{"0":{"name":"(anonymous_0)","decl":{"start":{"line":11,"column":46},"end":{"line":11,"column":47}},"loc":{"start":{"line":12,"column":2},"end":{"line":23,"column":9}},"line":12}},"branchMap":{},"s":{"0":2,"1":2},"f":{"0":2},"b":{},"_coverageSchema":"1a1c01bbd47fc00a2c39e90264f33305004495a9","hash":"dfea5669d44dd139acf17cce01b1adda063436b3"}
,"/Users/joseguerrero/personal/digital-femsa/digitalfemsa/src/domains/Points/components/PointsCard/index.ts": {"path":"/Users/joseguerrero/personal/digital-femsa/digitalfemsa/src/domains/Points/components/PointsCard/index.ts","statementMap":{},"fnMap":{},"branchMap":{},"s":{},"f":{},"b":{},"_coverageSchema":"1a1c01bbd47fc00a2c39e90264f33305004495a9","hash":"9a8ba4d7419b9be295c1f9813db450e91317d9db"}
,"/Users/joseguerrero/personal/digital-femsa/digitalfemsa/src/domains/Points/components/PointsHeader/PointsHeader.tsx": {"path":"/Users/joseguerrero/personal/digital-femsa/digitalfemsa/src/domains/Points/components/PointsHeader/PointsHeader.tsx","statementMap":{"0":{"start":{"line":5,"column":35},"end":{"line":12,"column":1}},"1":{"start":{"line":6,"column":2},"end":{"line":11,"column":9}},"2":{"start":{"line":14,"column":15},"end":{"line":21,"column":2}}},"fnMap":{"0":{"name":"(anonymous_0)","decl":{"start":{"line":5,"column":35},"end":{"line":5,"column":36}},"loc":{"start":{"line":6,"column":2},"end":{"line":11,"column":9}},"line":6}},"branchMap":{},"s":{"0":2,"1":2,"2":2},"f":{"0":2},"b":{},"_coverageSchema":"1a1c01bbd47fc00a2c39e90264f33305004495a9","hash":"a48621f0b48e5410b28027b09bdc70c5f41790f9"}
,"/Users/joseguerrero/personal/digital-femsa/digitalfemsa/src/domains/Points/components/PointsHeader/index.ts": {"path":"/Users/joseguerrero/personal/digital-femsa/digitalfemsa/src/domains/Points/components/PointsHeader/index.ts","statementMap":{},"fnMap":{},"branchMap":{},"s":{},"f":{},"b":{},"_coverageSchema":"1a1c01bbd47fc00a2c39e90264f33305004495a9","hash":"bfc61a5ebb5c22f40ade35c2751df4aef7e9f8a9"}
,"/Users/joseguerrero/personal/digital-femsa/digitalfemsa/src/domains/Points/components/PointsTransactionDetails/PointsTransactionDetails.tsx": {"path":"/Users/joseguerrero/personal/digital-femsa/digitalfemsa/src/domains/Points/components/PointsTransactionDetails/PointsTransactionDetails.tsx","statementMap":{"0":{"start":{"line":20,"column":74},"end":{"line":34,"column":1}},"1":{"start":{"line":24,"column":2},"end":{"line":33,"column":4}},"2":{"start":{"line":38,"column":15},"end":{"line":43,"column":2}}},"fnMap":{"0":{"name":"(anonymous_0)","decl":{"start":{"line":20,"column":74},"end":{"line":20,"column":75}},"loc":{"start":{"line":23,"column":6},"end":{"line":34,"column":1}},"line":23}},"branchMap":{},"s":{"0":1,"1":2,"2":1},"f":{"0":2},"b":{},"_coverageSchema":"1a1c01bbd47fc00a2c39e90264f33305004495a9","hash":"df57449490046446798e012408395715dbd329c7"}
,"/Users/joseguerrero/personal/digital-femsa/digitalfemsa/src/domains/Points/components/PointsTransactionDetails/index.ts": {"path":"/Users/joseguerrero/personal/digital-femsa/digitalfemsa/src/domains/Points/components/PointsTransactionDetails/index.ts","statementMap":{},"fnMap":{},"branchMap":{},"s":{},"f":{},"b":{},"_coverageSchema":"1a1c01bbd47fc00a2c39e90264f33305004495a9","hash":"1b1d0f3ae00709f8bb19748a249ef36b8c1e30f7"}
,"/Users/joseguerrero/personal/digital-femsa/digitalfemsa/src/domains/Points/components/PointsTransactions/PointsTransactions.tsx": {"path":"/Users/joseguerrero/personal/digital-femsa/digitalfemsa/src/domains/Points/components/PointsTransactions/PointsTransactions.tsx","statementMap":{"0":{"start":{"line":17,"column":62},"end":{"line":48,"column":1}},"1":{"start":{"line":24,"column":6},"end":{"line":24,"column":55}},"2":{"start":{"line":26,"column":22},"end":{"line":26,"column":46}},"3":{"start":{"line":28,"column":2},"end":{"line":30,"column":3}},"4":{"start":{"line":29,"column":4},"end":{"line":29,"column":71}},"5":{"start":{"line":32,"column":2},"end":{"line":34,"column":3}},"6":{"start":{"line":33,"column":4},"end":{"line":33,"column":40}},"7":{"start":{"line":36,"column":2},"end":{"line":47,"column":4}},"8":{"start":{"line":52,"column":15},"end":{"line":62,"column":2}}},"fnMap":{"0":{"name":"(anonymous_0)","decl":{"start":{"line":17,"column":62},"end":{"line":17,"column":63}},"loc":{"start":{"line":19,"column":6},"end":{"line":48,"column":1}},"line":19}},"branchMap":{"0":{"loc":{"start":{"line":28,"column":2},"end":{"line":30,"column":3}},"type":"if","locations":[{"start":{"line":28,"column":2},"end":{"line":30,"column":3}},{"start":{},"end":{}}],"line":28},"1":{"loc":{"start":{"line":32,"column":2},"end":{"line":34,"column":3}},"type":"if","locations":[{"start":{"line":32,"column":2},"end":{"line":34,"column":3}},{"start":{},"end":{}}],"line":32}},"s":{"0":1,"1":5,"2":5,"3":5,"4":2,"5":3,"6":3,"7":0,"8":1},"f":{"0":5},"b":{"0":[2,3],"1":[3,0]},"_coverageSchema":"1a1c01bbd47fc00a2c39e90264f33305004495a9","hash":"1e64382b5bff0cd74cc3c3e5e333be55fe9a8b8b"}
,"/Users/joseguerrero/personal/digital-femsa/digitalfemsa/src/domains/Points/components/PointsTransactions/index.tsx": {"path":"/Users/joseguerrero/personal/digital-femsa/digitalfemsa/src/domains/Points/components/PointsTransactions/index.tsx","statementMap":{},"fnMap":{},"branchMap":{},"s":{},"f":{},"b":{},"_coverageSchema":"1a1c01bbd47fc00a2c39e90264f33305004495a9","hash":"a9179f01989bfe35047b0b52f69999a39080d89d"}
,"/Users/joseguerrero/personal/digital-femsa/digitalfemsa/src/domains/Points/components/TransactionDetailsHeader/TransactionDetailsHeader.tsx": {"path":"/Users/joseguerrero/personal/digital-femsa/digitalfemsa/src/domains/Points/components/TransactionDetailsHeader/TransactionDetailsHeader.tsx","statementMap":{"0":{"start":{"line":10,"column":72},"end":{"line":18,"column":1}},"1":{"start":{"line":13,"column":2},"end":{"line":17,"column":9}},"2":{"start":{"line":20,"column":15},"end":{"line":31,"column":2}}},"fnMap":{"0":{"name":"(anonymous_0)","decl":{"start":{"line":10,"column":72},"end":{"line":10,"column":73}},"loc":{"start":{"line":13,"column":2},"end":{"line":17,"column":9}},"line":13}},"branchMap":{},"s":{"0":1,"1":2,"2":1},"f":{"0":2},"b":{},"_coverageSchema":"1a1c01bbd47fc00a2c39e90264f33305004495a9","hash":"adc9417601227014be4314a466d2b1d288f2e4b9"}
,"/Users/joseguerrero/personal/digital-femsa/digitalfemsa/src/domains/Points/components/TransactionDetailsHeader/index.ts": {"path":"/Users/joseguerrero/personal/digital-femsa/digitalfemsa/src/domains/Points/components/TransactionDetailsHeader/index.ts","statementMap":{},"fnMap":{},"branchMap":{},"s":{},"f":{},"b":{},"_coverageSchema":"1a1c01bbd47fc00a2c39e90264f33305004495a9","hash":"86dd278df974bbbdb7cbc04c3a7bc611f42fdc72"}
,"/Users/joseguerrero/personal/digital-femsa/digitalfemsa/src/domains/Points/components/TransactionDetailsImage/TransactionDetailsImage.tsx": {"path":"/Users/joseguerrero/personal/digital-femsa/digitalfemsa/src/domains/Points/components/TransactionDetailsImage/TransactionDetailsImage.tsx","statementMap":{"0":{"start":{"line":4,"column":22},"end":{"line":4,"column":91}},"1":{"start":{"line":10,"column":72},"end":{"line":21,"column":1}},"2":{"start":{"line":13,"column":2},"end":{"line":20,"column":9}},"3":{"start":{"line":23,"column":15},"end":{"line":42,"column":2}}},"fnMap":{"0":{"name":"(anonymous_0)","decl":{"start":{"line":10,"column":72},"end":{"line":10,"column":73}},"loc":{"start":{"line":13,"column":2},"end":{"line":20,"column":9}},"line":13}},"branchMap":{"0":{"loc":{"start":{"line":17,"column":14},"end":{"line":17,"column":50}},"type":"cond-expr","locations":[{"start":{"line":17,"column":22},"end":{"line":17,"column":34}},{"start":{"line":17,"column":37},"end":{"line":17,"column":50}}],"line":17}},"s":{"0":2,"1":2,"2":5,"3":2},"f":{"0":5},"b":{"0":[3,2]},"_coverageSchema":"1a1c01bbd47fc00a2c39e90264f33305004495a9","hash":"5d03a567d655a9fe56edb1159329f5e115e1c352"}
,"/Users/joseguerrero/personal/digital-femsa/digitalfemsa/src/domains/Points/components/TransactionDetailsImage/index.ts": {"path":"/Users/joseguerrero/personal/digital-femsa/digitalfemsa/src/domains/Points/components/TransactionDetailsImage/index.ts","statementMap":{},"fnMap":{},"branchMap":{},"s":{},"f":{},"b":{},"_coverageSchema":"1a1c01bbd47fc00a2c39e90264f33305004495a9","hash":"558096ff6634730dc4a7aad82ff2e32d661c5d56"}
,"/Users/joseguerrero/personal/digital-femsa/digitalfemsa/src/domains/Points/components/TransactionFooter/TransactionFooter.tsx": {"path":"/Users/joseguerrero/personal/digital-femsa/digitalfemsa/src/domains/Points/components/TransactionFooter/TransactionFooter.tsx","statementMap":{"0":{"start":{"line":11,"column":60},"end":{"line":46,"column":1}},"1":{"start":{"line":15,"column":23},"end":{"line":32,"column":3}},"2":{"start":{"line":16,"column":4},"end":{"line":31,"column":11}},"3":{"start":{"line":22,"column":23},"end":{"line":22,"column":50}},"4":{"start":{"line":29,"column":23},"end":{"line":29,"column":52}},"5":{"start":{"line":33,"column":2},"end":{"line":45,"column":4}},"6":{"start":{"line":38,"column":25},"end":{"line":38,"column":49}},"7":{"start":{"line":48,"column":15},"end":{"line":61,"column":2}}},"fnMap":{"0":{"name":"(anonymous_0)","decl":{"start":{"line":11,"column":60},"end":{"line":11,"column":61}},"loc":{"start":{"line":14,"column":6},"end":{"line":46,"column":1}},"line":14},"1":{"name":"(anonymous_1)","decl":{"start":{"line":15,"column":23},"end":{"line":15,"column":24}},"loc":{"start":{"line":16,"column":4},"end":{"line":31,"column":11}},"line":16},"2":{"name":"(anonymous_2)","decl":{"start":{"line":22,"column":17},"end":{"line":22,"column":18}},"loc":{"start":{"line":22,"column":23},"end":{"line":22,"column":50}},"line":22},"3":{"name":"(anonymous_3)","decl":{"start":{"line":29,"column":17},"end":{"line":29,"column":18}},"loc":{"start":{"line":29,"column":23},"end":{"line":29,"column":52}},"line":29},"4":{"name":"(anonymous_4)","decl":{"start":{"line":38,"column":19},"end":{"line":38,"column":20}},"loc":{"start":{"line":38,"column":25},"end":{"line":38,"column":49}},"line":38}},"branchMap":{"0":{"loc":{"start":{"line":35,"column":7},"end":{"line":43,"column":7}},"type":"cond-expr","locations":[{"start":{"line":36,"column":8},"end":{"line":40,"column":10}},{"start":{"line":42,"column":8},"end":{"line":42,"column":24}}],"line":35}},"s":{"0":3,"1":11,"2":8,"3":2,"4":2,"5":11,"6":1,"7":3},"f":{"0":11,"1":8,"2":2,"3":2,"4":1},"b":{"0":[3,8]},"_coverageSchema":"1a1c01bbd47fc00a2c39e90264f33305004495a9","hash":"80402dacd906cbee5c4fb8b6a085edd870373ad6"}
,"/Users/joseguerrero/personal/digital-femsa/digitalfemsa/src/domains/Points/components/TransactionFooter/index.ts": {"path":"/Users/joseguerrero/personal/digital-femsa/digitalfemsa/src/domains/Points/components/TransactionFooter/index.ts","statementMap":{},"fnMap":{},"branchMap":{},"s":{},"f":{},"b":{},"_coverageSchema":"1a1c01bbd47fc00a2c39e90264f33305004495a9","hash":"566a262330bb5e70f6024dd5e68319f198b33f82"}
,"/Users/joseguerrero/personal/digital-femsa/digitalfemsa/src/domains/Points/components/TransactionItem/TransactionItem.tsx": {"path":"/Users/joseguerrero/personal/digital-femsa/digitalfemsa/src/domains/Points/components/TransactionItem/TransactionItem.tsx","statementMap":{"0":{"start":{"line":16,"column":21},"end":{"line":16,"column":101}},"1":{"start":{"line":18,"column":56},"end":{"line":54,"column":1}},"2":{"start":{"line":22,"column":2},"end":{"line":53,"column":21}},"3":{"start":{"line":24,"column":19},"end":{"line":24,"column":46}},"4":{"start":{"line":56,"column":15},"end":{"line":92,"column":2}}},"fnMap":{"0":{"name":"(anonymous_0)","decl":{"start":{"line":18,"column":56},"end":{"line":18,"column":57}},"loc":{"start":{"line":22,"column":2},"end":{"line":53,"column":21}},"line":22},"1":{"name":"(anonymous_1)","decl":{"start":{"line":24,"column":13},"end":{"line":24,"column":14}},"loc":{"start":{"line":24,"column":19},"end":{"line":24,"column":46}},"line":24}},"branchMap":{"0":{"loc":{"start":{"line":28,"column":16},"end":{"line":28,"column":67}},"type":"cond-expr","locations":[{"start":{"line":28,"column":32},"end":{"line":28,"column":52}},{"start":{"line":28,"column":55},"end":{"line":28,"column":67}}],"line":28}},"s":{"0":3,"1":3,"2":21,"3":2,"4":3},"f":{"0":21,"1":2},"b":{"0":[21,0]},"_coverageSchema":"1a1c01bbd47fc00a2c39e90264f33305004495a9","hash":"62d68252cf566e3b678d90303b31da8753ba9559"}
,"/Users/joseguerrero/personal/digital-femsa/digitalfemsa/src/domains/Points/components/TransactionItem/index.ts": {"path":"/Users/joseguerrero/personal/digital-femsa/digitalfemsa/src/domains/Points/components/TransactionItem/index.ts","statementMap":{},"fnMap":{},"branchMap":{},"s":{},"f":{},"b":{},"_coverageSchema":"1a1c01bbd47fc00a2c39e90264f33305004495a9","hash":"578064eefdb4c5210005963de7610406f77d8cae"}
,"/Users/joseguerrero/personal/digital-femsa/digitalfemsa/src/domains/Points/components/TransactionsDetailsFooter/TransactionsDetailsFooter.tsx": {"path":"/Users/joseguerrero/personal/digital-femsa/digitalfemsa/src/domains/Points/components/TransactionsDetailsFooter/TransactionsDetailsFooter.tsx","statementMap":{"0":{"start":{"line":16,"column":74},"end":{"line":42,"column":1}},"1":{"start":{"line":21,"column":2},"end":{"line":41,"column":4}},"2":{"start":{"line":46,"column":15},"end":{"line":66,"column":2}}},"fnMap":{"0":{"name":"(anonymous_0)","decl":{"start":{"line":16,"column":74},"end":{"line":16,"column":75}},"loc":{"start":{"line":20,"column":6},"end":{"line":42,"column":1}},"line":20}},"branchMap":{},"s":{"0":2,"1":4,"2":2},"f":{"0":4},"b":{},"_coverageSchema":"1a1c01bbd47fc00a2c39e90264f33305004495a9","hash":"9ee21185bbe05f10e4ed0a7e6f721f48ff0e02c4"}
,"/Users/joseguerrero/personal/digital-femsa/digitalfemsa/src/domains/Points/components/TransactionsDetailsFooter/index.ts": {"path":"/Users/joseguerrero/personal/digital-femsa/digitalfemsa/src/domains/Points/components/TransactionsDetailsFooter/index.ts","statementMap":{},"fnMap":{},"branchMap":{},"s":{},"f":{},"b":{},"_coverageSchema":"1a1c01bbd47fc00a2c39e90264f33305004495a9","hash":"ee46cdb78e9d4eb8ba4117c23a5c2217adc3e562"}
,"/Users/joseguerrero/personal/digital-femsa/digitalfemsa/src/domains/Points/components/TransactionsList/TransactionsList.tsx": {"path":"/Users/joseguerrero/personal/digital-femsa/digitalfemsa/src/domains/Points/components/TransactionsList/TransactionsList.tsx","statementMap":{"0":{"start":{"line":13,"column":77},"end":{"line":17,"column":1}},"1":{"start":{"line":14,"column":13},"end":{"line":14,"column":17}},"2":{"start":{"line":15,"column":23},"end":{"line":15,"column":44}},"3":{"start":{"line":16,"column":21},"end":{"line":16,"column":43}},"4":{"start":{"line":19,"column":56},"end":{"line":46,"column":1}},"5":{"start":{"line":24,"column":4},"end":{"line":24,"column":40}},"6":{"start":{"line":25,"column":2},"end":{"line":45,"column":4}},"7":{"start":{"line":32,"column":12},"end":{"line":35,"column":14}},"8":{"start":{"line":37,"column":32},"end":{"line":37,"column":39}},"9":{"start":{"line":48,"column":15},"end":{"line":56,"column":2}}},"fnMap":{"0":{"name":"(anonymous_0)","decl":{"start":{"line":14,"column":7},"end":{"line":14,"column":8}},"loc":{"start":{"line":14,"column":13},"end":{"line":14,"column":17}},"line":14},"1":{"name":"(anonymous_1)","decl":{"start":{"line":15,"column":12},"end":{"line":15,"column":13}},"loc":{"start":{"line":15,"column":23},"end":{"line":15,"column":44}},"line":15},"2":{"name":"(anonymous_2)","decl":{"start":{"line":16,"column":10},"end":{"line":16,"column":11}},"loc":{"start":{"line":16,"column":21},"end":{"line":16,"column":43}},"line":16},"3":{"name":"(anonymous_3)","decl":{"start":{"line":19,"column":56},"end":{"line":19,"column":57}},"loc":{"start":{"line":22,"column":6},"end":{"line":46,"column":1}},"line":22},"4":{"name":"(anonymous_4)","decl":{"start":{"line":31,"column":22},"end":{"line":31,"column":23}},"loc":{"start":{"line":32,"column":12},"end":{"line":35,"column":14}},"line":32},"5":{"name":"(anonymous_5)","decl":{"start":{"line":37,"column":24},"end":{"line":37,"column":25}},"loc":{"start":{"line":37,"column":32},"end":{"line":37,"column":39}},"line":37}},"branchMap":{},"s":{"0":2,"1":15,"2":3,"3":3,"4":2,"5":7,"6":7,"7":18,"8":18,"9":2},"f":{"0":15,"1":3,"2":3,"3":7,"4":18,"5":18},"b":{},"_coverageSchema":"1a1c01bbd47fc00a2c39e90264f33305004495a9","hash":"0c058256d0413951222cfee5dcc74ec0e32cacc8"}
,"/Users/joseguerrero/personal/digital-femsa/digitalfemsa/src/domains/Points/components/TransactionsList/index.ts": {"path":"/Users/joseguerrero/personal/digital-femsa/digitalfemsa/src/domains/Points/components/TransactionsList/index.ts","statementMap":{},"fnMap":{},"branchMap":{},"s":{},"f":{},"b":{},"_coverageSchema":"1a1c01bbd47fc00a2c39e90264f33305004495a9","hash":"fb59938d8370a47b2eae1bbe7423d551bbf4f396"}
,"/Users/joseguerrero/personal/digital-femsa/digitalfemsa/src/domains/Points/services/product.ts": {"path":"/Users/joseguerrero/personal/digital-femsa/digitalfemsa/src/domains/Points/services/product.ts","statementMap":{"0":{"start":{"line":2,"column":2},"end":{"line":2,"column":63}},"1":{"start":{"line":3,"column":27},"end":{"line":6,"column":1}},"2":{"start":{"line":4,"column":19},"end":{"line":4,"column":49}},"3":{"start":{"line":5,"column":2},"end":{"line":5,"column":31}}},"fnMap":{"0":{"name":"(anonymous_0)","decl":{"start":{"line":3,"column":27},"end":{"line":3,"column":28}},"loc":{"start":{"line":3,"column":39},"end":{"line":6,"column":1}},"line":3}},"branchMap":{},"s":{"0":1,"1":1,"2":2,"3":0},"f":{"0":2},"b":{},"_coverageSchema":"1a1c01bbd47fc00a2c39e90264f33305004495a9","hash":"4f1f269b8cf11ce24060250a7a1edf5800908ae1"}
,"/Users/joseguerrero/personal/digital-femsa/digitalfemsa/src/domains/Points/utils/formatString.ts": {"path":"/Users/joseguerrero/personal/digital-femsa/digitalfemsa/src/domains/Points/utils/formatString.ts","statementMap":{"0":{"start":{"line":4,"column":36},"end":{"line":8,"column":1}},"1":{"start":{"line":5,"column":15},"end":{"line":5,"column":35}},"2":{"start":{"line":6,"column":24},"end":{"line":6,"column":72}},"3":{"start":{"line":7,"column":2},"end":{"line":7,"column":23}},"4":{"start":{"line":10,"column":33},"end":{"line":19,"column":1}},"5":{"start":{"line":11,"column":2},"end":{"line":18,"column":25}}},"fnMap":{"0":{"name":"(anonymous_0)","decl":{"start":{"line":4,"column":36},"end":{"line":4,"column":37}},"loc":{"start":{"line":4,"column":60},"end":{"line":8,"column":1}},"line":4},"1":{"name":"(anonymous_1)","decl":{"start":{"line":10,"column":33},"end":{"line":10,"column":34}},"loc":{"start":{"line":10,"column":53},"end":{"line":19,"column":1}},"line":10}},"branchMap":{},"s":{"0":7,"1":28,"2":28,"3":27,"4":7,"5":29},"f":{"0":28,"1":29},"b":{},"_coverageSchema":"1a1c01bbd47fc00a2c39e90264f33305004495a9","hash":"f5b1a2303d9467f0ec8fa764df77fa178d58220a"}
,"/Users/joseguerrero/personal/digital-femsa/digitalfemsa/src/domains/Points/utils/getTotalPoints.ts": {"path":"/Users/joseguerrero/personal/digital-femsa/digitalfemsa/src/domains/Points/utils/getTotalPoints.ts","statementMap":{"0":{"start":{"line":3,"column":30},"end":{"line":8,"column":7}},"1":{"start":{"line":4,"column":2},"end":{"line":8,"column":7}},"2":{"start":{"line":6,"column":8},"end":{"line":6,"column":44}}},"fnMap":{"0":{"name":"(anonymous_0)","decl":{"start":{"line":3,"column":30},"end":{"line":3,"column":31}},"loc":{"start":{"line":4,"column":2},"end":{"line":8,"column":7}},"line":4},"1":{"name":"(anonymous_1)","decl":{"start":{"line":5,"column":22},"end":{"line":5,"column":23}},"loc":{"start":{"line":5,"column":48},"end":{"line":7,"column":7}},"line":5}},"branchMap":{"0":{"loc":{"start":{"line":4,"column":2},"end":{"line":8,"column":7}},"type":"cond-expr","locations":[{"start":{"line":5,"column":6},"end":{"line":7,"column":11}},{"start":{"line":8,"column":6},"end":{"line":8,"column":7}}],"line":4}},"s":{"0":2,"1":8,"2":3},"f":{"0":8,"1":3},"b":{"0":[2,6]},"_coverageSchema":"1a1c01bbd47fc00a2c39e90264f33305004495a9","hash":"fb9251ad0bfedd8a4afea9df5e1e3cf550d87eae"}
}
