TN:
SF:src/assets/icons/ArrowIcon.tsx
FN:5,(anonymous_0)
FNF:1
FNH:1
FNDA:21,(anonymous_0)
DA:5,3
DA:6,21
LF:2
LH:2
BRF:0
BRH:0
end_of_record
TN:
SF:src/assets/images/placerholder-transaction-item-thumbnail.png
FNF:0
FNH:0
DA:1,3
LF:1
LH:1
BRF:0
BRH:0
end_of_record
TN:
SF:src/assets/images/placerholder-trasaction-item.png
FNF:0
FNH:0
DA:1,2
LF:1
LH:1
BRF:0
BRH:0
end_of_record
TN:
SF:src/core/Button/Button.tsx
FN:11,(anonymous_0)
FNF:1
FNH:1
FNDA:28,(anonymous_0)
DA:11,6
DA:18,28
DA:32,6
LF:3
LH:3
BRDA:14,0,0,9
BRDA:25,1,0,10
BRDA:25,1,1,18
BRF:3
BRH:3
end_of_record
TN:
SF:src/core/Button/index.ts
FNF:0
FNH:0
LF:0
LH:0
BRF:0
BRH:0
end_of_record
TN:
SF:src/core/Text/Text.tsx
FN:14,(anonymous_0)
FNF:1
FNH:1
FNDA:144,(anonymous_0)
DA:14,11
DA:15,144
DA:16,144
DA:23,11
LF:4
LH:4
BRDA:15,0,0,116
BRDA:15,0,1,28
BRF:2
BRH:2
end_of_record
TN:
SF:src/core/Text/index.tsx
FNF:0
FNH:0
LF:0
LH:0
BRF:0
BRH:0
end_of_record
TN:
SF:src/domains/Points/components/PointsCard/PointsCard.style.ts
FNF:0
FNH:0
DA:3,2
LF:1
LH:1
BRF:0
BRH:0
end_of_record
TN:
SF:src/domains/Points/components/PointsCard/PointsCard.tsx
FN:11,(anonymous_0)
FNF:1
FNH:1
FNDA:2,(anonymous_0)
DA:11,2
DA:12,2
LF:2
LH:2
BRF:0
BRH:0
end_of_record
TN:
SF:src/domains/Points/components/PointsCard/index.ts
FNF:0
FNH:0
LF:0
LH:0
BRF:0
BRH:0
end_of_record
TN:
SF:src/domains/Points/components/PointsHeader/PointsHeader.tsx
FN:5,(anonymous_0)
FNF:1
FNH:1
FNDA:2,(anonymous_0)
DA:5,2
DA:6,2
DA:14,2
LF:3
LH:3
BRF:0
BRH:0
end_of_record
TN:
SF:src/domains/Points/components/PointsHeader/index.ts
FNF:0
FNH:0
LF:0
LH:0
BRF:0
BRH:0
end_of_record
TN:
SF:src/domains/Points/components/PointsTransactionDetails/PointsTransactionDetails.tsx
FN:20,(anonymous_0)
FNF:1
FNH:1
FNDA:2,(anonymous_0)
DA:20,1
DA:24,2
DA:38,1
LF:3
LH:3
BRF:0
BRH:0
end_of_record
TN:
SF:src/domains/Points/components/PointsTransactionDetails/index.ts
FNF:0
FNH:0
LF:0
LH:0
BRF:0
BRH:0
end_of_record
TN:
SF:src/domains/Points/components/PointsTransactions/PointsTransactions.tsx
FN:17,(anonymous_0)
FNF:1
FNH:1
FNDA:5,(anonymous_0)
DA:17,1
DA:24,5
DA:26,5
DA:28,5
DA:29,2
DA:32,3
DA:33,3
DA:36,0
DA:52,1
LF:9
LH:8
BRDA:28,0,0,2
BRDA:28,0,1,3
BRDA:32,1,0,3
BRDA:32,1,1,0
BRF:4
BRH:3
end_of_record
TN:
SF:src/domains/Points/components/PointsTransactions/index.tsx
FNF:0
FNH:0
LF:0
LH:0
BRF:0
BRH:0
end_of_record
TN:
SF:src/domains/Points/components/TransactionDetailsHeader/TransactionDetailsHeader.tsx
FN:10,(anonymous_0)
FNF:1
FNH:1
FNDA:2,(anonymous_0)
DA:10,1
DA:13,2
DA:20,1
LF:3
LH:3
BRF:0
BRH:0
end_of_record
TN:
SF:src/domains/Points/components/TransactionDetailsHeader/index.ts
FNF:0
FNH:0
LF:0
LH:0
BRF:0
BRH:0
end_of_record
TN:
SF:src/domains/Points/components/TransactionDetailsImage/TransactionDetailsImage.tsx
FN:10,(anonymous_0)
FNF:1
FNH:1
FNDA:5,(anonymous_0)
DA:4,2
DA:10,2
DA:13,5
DA:23,2
LF:4
LH:4
BRDA:17,0,0,3
BRDA:17,0,1,2
BRF:2
BRH:2
end_of_record
TN:
SF:src/domains/Points/components/TransactionDetailsImage/index.ts
FNF:0
FNH:0
LF:0
LH:0
BRF:0
BRH:0
end_of_record
TN:
SF:src/domains/Points/components/TransactionFooter/TransactionFooter.tsx
FN:11,(anonymous_0)
FN:15,(anonymous_1)
FN:22,(anonymous_2)
FN:29,(anonymous_3)
FN:38,(anonymous_4)
FNF:5
FNH:5
FNDA:11,(anonymous_0)
FNDA:8,(anonymous_1)
FNDA:2,(anonymous_2)
FNDA:2,(anonymous_3)
FNDA:1,(anonymous_4)
DA:11,3
DA:15,11
DA:16,8
DA:22,2
DA:29,2
DA:33,11
DA:38,1
DA:48,3
LF:8
LH:8
BRDA:35,0,0,3
BRDA:35,0,1,8
BRF:2
BRH:2
end_of_record
TN:
SF:src/domains/Points/components/TransactionFooter/index.ts
FNF:0
FNH:0
LF:0
LH:0
BRF:0
BRH:0
end_of_record
TN:
SF:src/domains/Points/components/TransactionItem/TransactionItem.tsx
FN:18,(anonymous_0)
FN:24,(anonymous_1)
FNF:2
FNH:2
FNDA:21,(anonymous_0)
FNDA:2,(anonymous_1)
DA:16,3
DA:18,3
DA:22,21
DA:24,2
DA:56,3
LF:5
LH:5
BRDA:28,0,0,21
BRDA:28,0,1,0
BRF:2
BRH:1
end_of_record
TN:
SF:src/domains/Points/components/TransactionItem/index.ts
FNF:0
FNH:0
LF:0
LH:0
BRF:0
BRH:0
end_of_record
TN:
SF:src/domains/Points/components/TransactionsDetailsFooter/TransactionsDetailsFooter.tsx
FN:16,(anonymous_0)
FNF:1
FNH:1
FNDA:4,(anonymous_0)
DA:16,2
DA:21,4
DA:46,2
LF:3
LH:3
BRF:0
BRH:0
end_of_record
TN:
SF:src/domains/Points/components/TransactionsDetailsFooter/index.ts
FNF:0
FNH:0
LF:0
LH:0
BRF:0
BRH:0
end_of_record
TN:
SF:src/domains/Points/components/TransactionsList/TransactionsList.tsx
FN:14,(anonymous_0)
FN:15,(anonymous_1)
FN:16,(anonymous_2)
FN:19,(anonymous_3)
FN:31,(anonymous_4)
FN:37,(anonymous_5)
FNF:6
FNH:6
FNDA:15,(anonymous_0)
FNDA:3,(anonymous_1)
FNDA:3,(anonymous_2)
FNDA:7,(anonymous_3)
FNDA:18,(anonymous_4)
FNDA:18,(anonymous_5)
DA:13,2
DA:14,15
DA:15,3
DA:16,3
DA:19,2
DA:24,7
DA:25,7
DA:32,18
DA:37,18
DA:48,2
LF:10
LH:10
BRF:0
BRH:0
end_of_record
TN:
SF:src/domains/Points/components/TransactionsList/index.ts
FNF:0
FNH:0
LF:0
LH:0
BRF:0
BRH:0
end_of_record
TN:
SF:src/domains/Points/services/product.ts
FN:3,(anonymous_0)
FNF:1
FNH:1
FNDA:2,(anonymous_0)
DA:2,1
DA:3,1
DA:4,2
DA:5,0
LF:4
LH:3
BRF:0
BRH:0
end_of_record
TN:
SF:src/domains/Points/utils/formatString.ts
FN:4,(anonymous_0)
FN:10,(anonymous_1)
FNF:2
FNH:2
FNDA:28,(anonymous_0)
FNDA:29,(anonymous_1)
DA:4,7
DA:5,28
DA:6,28
DA:7,27
DA:10,7
DA:11,29
LF:6
LH:6
BRF:0
BRH:0
end_of_record
TN:
SF:src/domains/Points/utils/getTotalPoints.ts
FN:3,(anonymous_0)
FN:5,(anonymous_1)
FNF:2
FNH:2
FNDA:8,(anonymous_0)
FNDA:3,(anonymous_1)
DA:3,2
DA:4,8
DA:6,3
LF:3
LH:3
BRDA:4,0,0,2
BRDA:4,0,1,6
BRF:2
BRH:2
end_of_record
